# JRE version: OpenJDK Runtime Environment (8.0_202) (build 1.8.0_202-release-1483-b49-5587405)
# Java VM: OpenJDK 64-Bit Server VM (25.202-b49-5587405 mixed mode linux-amd64 compressed oops)
Heap:
 PSYoungGen      total 409088K, used 0K [0x00000000e0000000, 0x00000000ff980000, 0x0000000100000000)
  eden space 307712K, 0% used [0x00000000e0000000,0x00000000e0000000,0x00000000f2c80000)
  from space 101376K, 0% used [0x00000000f9680000,0x00000000f9680000,0x00000000ff980000)
  to   space 104960K, 0% used [0x00000000f2c80000,0x00000000f2c80000,0x00000000f9300000)
 ParOldGen       total 339968K, used 133522K [0x00000000a0000000, 0x00000000b4c00000, 0x00000000e0000000)
  object space 339968K, 39% used [0x00000000a0000000,0x00000000a82648a8,0x00000000b4c00000)
 Metaspace       used 152664K, capacity 162260K, committed 163776K, reserved 1191936K
  class space    used 19546K, capacity 21415K, committed 21760K, reserved 1048576K
GC Heap History (10 events):
Event: 399,026 GC heap after
Heap after GC invocations=20 (full 4):
 PSYoungGen      total 435712K, used 61921K [0x00000000e0000000, 0x0000000100000000, 0x0000000100000000)
  eden space 373760K, 0% used [0x00000000e0000000,0x00000000e0000000,0x00000000f6d00000)
  from space 61952K, 99% used [0x00000000fc380000,0x00000000ffff8430,0x0000000100000000)
  to   space 75264K, 0% used [0x00000000f6d00000,0x00000000f6d00000,0x00000000fb680000)
 ParOldGen       total 339968K, used 101083K [0x00000000a0000000, 0x00000000b4c00000, 0x00000000e0000000)
  object space 339968K, 29% used [0x00000000a0000000,0x00000000a62b6c40,0x00000000b4c00000)
 Metaspace       used 126351K, capacity 134256K, committed 134360K, reserved 1165312K
  class space    used 16531K, capacity 18098K, committed 18176K, reserved 1048576K
}
Event: 1028,691 GC heap before
{Heap before GC invocations=21 (full 4):
 PSYoungGen      total 435712K, used 435655K [0x00000000e0000000, 0x0000000100000000, 0x0000000100000000)
  eden space 373760K, 99% used [0x00000000e0000000,0x00000000f6cf9b60,0x00000000f6d00000)
  from space 61952K, 99% used [0x00000000fc380000,0x00000000ffff8430,0x0000000100000000)
  to   space 75264K, 0% used [0x00000000f6d00000,0x00000000f6d00000,0x00000000fb680000)
 ParOldGen       total 339968K, used 101083K [0x00000000a0000000, 0x00000000b4c00000, 0x00000000e0000000)
  object space 339968K, 29% used [0x00000000a0000000,0x00000000a62b6c40,0x00000000b4c00000)
 Metaspace       used 131358K, capacity 139748K, committed 139992K, reserved 1171456K
  class space    used 16944K, capacity 18608K, committed 18688K, reserved 1048576K
Event: 1028,815 GC heap after
Heap after GC invocations=21 (full 4):
 PSYoungGen      total 449024K, used 75232K [0x00000000e0000000, 0x0000000100000000, 0x0000000100000000)
  eden space 373760K, 0% used [0x00000000e0000000,0x00000000e0000000,0x00000000f6d00000)
  from space 75264K, 99% used [0x00000000f6d00000,0x00000000fb6780c8,0x00000000fb680000)
  to   space 75264K, 0% used [0x00000000fb680000,0x00000000fb680000,0x0000000100000000)
 ParOldGen       total 339968K, used 114019K [0x00000000a0000000, 0x00000000b4c00000, 0x00000000e0000000)
  object space 339968K, 33% used [0x00000000a0000000,0x00000000a6f58f70,0x00000000b4c00000)
 Metaspace       used 131358K, capacity 139748K, committed 139992K, reserved 1171456K
  class space    used 16944K, capacity 18608K, committed 18688K, reserved 1048576K
}
Event: 1032,502 GC heap before
{Heap before GC invocations=22 (full 4):
 PSYoungGen      total 449024K, used 448992K [0x00000000e0000000, 0x0000000100000000, 0x0000000100000000)
  eden space 373760K, 100% used [0x00000000e0000000,0x00000000f6d00000,0x00000000f6d00000)
  from space 75264K, 99% used [0x00000000f6d00000,0x00000000fb6780c8,0x00000000fb680000)
  to   space 75264K, 0% used [0x00000000fb680000,0x00000000fb680000,0x0000000100000000)
 ParOldGen       total 339968K, used 114019K [0x00000000a0000000, 0x00000000b4c00000, 0x00000000e0000000)
  object space 339968K, 33% used [0x00000000a0000000,0x00000000a6f58f70,0x00000000b4c00000)
 Metaspace       used 147076K, capacity 156324K, committed 156632K, reserved 1185792K
  class space    used 19100K, capacity 20906K, committed 20992K, reserved 1048576K
Event: 1032,611 GC heap after
Heap after GC invocations=22 (full 4):
 PSYoungGen      total 382464K, used 75233K [0x00000000e0000000, 0x0000000100000000, 0x0000000100000000)
  eden space 307200K, 0% used [0x00000000e0000000,0x00000000e0000000,0x00000000f2c00000)
  from space 75264K, 99% used [0x00000000fb680000,0x00000000ffff84d0,0x0000000100000000)
  to   space 108544K, 0% used [0x00000000f2c00000,0x00000000f2c00000,0x00000000f9600000)
 ParOldGen       total 339968K, used 136454K [0x00000000a0000000, 0x00000000b4c00000, 0x00000000e0000000)
  object space 339968K, 40% used [0x00000000a0000000,0x00000000a8541b10,0x00000000b4c00000)
 Metaspace       used 147076K, capacity 156324K, committed 156632K, reserved 1185792K
  class space    used 19100K, capacity 20906K, committed 20992K, reserved 1048576K
}
Event: 1042,985 GC heap before
{Heap before GC invocations=23 (full 4):
 PSYoungGen      total 382464K, used 382433K [0x00000000e0000000, 0x0000000100000000, 0x0000000100000000)
  eden space 307200K, 100% used [0x00000000e0000000,0x00000000f2c00000,0x00000000f2c00000)
  from space 75264K, 99% used [0x00000000fb680000,0x00000000ffff84d0,0x0000000100000000)
  to   space 108544K, 0% used [0x00000000f2c00000,0x00000000f2c00000,0x00000000f9600000)
 ParOldGen       total 339968K, used 136454K [0x00000000a0000000, 0x00000000b4c00000, 0x00000000e0000000)
  object space 339968K, 40% used [0x00000000a0000000,0x00000000a8541b10,0x00000000b4c00000)
 Metaspace       used 152950K, capacity 163318K, committed 163544K, reserved 1191936K
  class space    used 19685K, capacity 21649K, committed 21760K, reserved 1048576K
Event: 1043,096 GC heap after
Heap after GC invocations=23 (full 4):
 PSYoungGen      total 415744K, used 60157K [0x00000000e0000000, 0x0000000100000000, 0x0000000100000000)
  eden space 307200K, 0% used [0x00000000e0000000,0x00000000e0000000,0x00000000f2c00000)
  from space 108544K, 55% used [0x00000000f2c00000,0x00000000f66bf750,0x00000000f9600000)
  to   space 108032K, 0% used [0x00000000f9680000,0x00000000f9680000,0x0000000100000000)
 ParOldGen       total 339968K, used 142543K [0x00000000a0000000, 0x00000000b4c00000, 0x00000000e0000000)
  object space 339968K, 41% used [0x00000000a0000000,0x00000000a8b33e60,0x00000000b4c00000)
 Metaspace       used 152950K, capacity 163318K, committed 163544K, reserved 1191936K
  class space    used 19685K, capacity 21649K, committed 21760K, reserved 1048576K
}
Event: 1560,865 GC heap before
{Heap before GC invocations=24 (full 4):
 PSYoungGen      total 415744K, used 102902K [0x00000000e0000000, 0x0000000100000000, 0x0000000100000000)
  eden space 307200K, 13% used [0x00000000e0000000,0x00000000e29be238,0x00000000f2c00000)
  from space 108544K, 55% used [0x00000000f2c00000,0x00000000f66bf750,0x00000000f9600000)
  to   space 108032K, 0% used [0x00000000f9680000,0x00000000f9680000,0x0000000100000000)
 ParOldGen       total 339968K, used 142543K [0x00000000a0000000, 0x00000000b4c00000, 0x00000000e0000000)
  object space 339968K, 41% used [0x00000000a0000000,0x00000000a8b33e60,0x00000000b4c00000)
 Metaspace       used 153271K, capacity 163730K, committed 163776K, reserved 1191936K
  class space    used 19721K, capacity 21717K, committed 21760K, reserved 1048576K
Event: 1560,980 GC heap after
Heap after GC invocations=24 (full 4):
 PSYoungGen      total 409088K, used 55076K [0x00000000e0000000, 0x00000000ff980000, 0x0000000100000000)
  eden space 307712K, 0% used [0x00000000e0000000,0x00000000e0000000,0x00000000f2c80000)
  from space 101376K, 54% used [0x00000000f9680000,0x00000000fcc49040,0x00000000ff980000)
  to   space 104960K, 0% used [0x00000000f2c80000,0x00000000f2c80000,0x00000000f9300000)
 ParOldGen       total 339968K, used 142543K [0x00000000a0000000, 0x00000000b4c00000, 0x00000000e0000000)
  object space 339968K, 41% used [0x00000000a0000000,0x00000000a8b33e60,0x00000000b4c00000)
 Metaspace       used 153271K, capacity 163730K, committed 163776K, reserved 1191936K
  class space    used 19721K, capacity 21717K, committed 21760K, reserved 1048576K
}
Event: 1560,980 GC heap before
{Heap before GC invocations=25 (full 5):
 PSYoungGen      total 409088K, used 55076K [0x00000000e0000000, 0x00000000ff980000, 0x0000000100000000)
  eden space 307712K, 0% used [0x00000000e0000000,0x00000000e0000000,0x00000000f2c80000)
  from space 101376K, 54% used [0x00000000f9680000,0x00000000fcc49040,0x00000000ff980000)
  to   space 104960K, 0% used [0x00000000f2c80000,0x00000000f2c80000,0x00000000f9300000)
 ParOldGen       total 339968K, used 142543K [0x00000000a0000000, 0x00000000b4c00000, 0x00000000e0000000)
  object space 339968K, 41% used [0x00000000a0000000,0x00000000a8b33e60,0x00000000b4c00000)
 Metaspace       used 153271K, capacity 163730K, committed 163776K, reserved 1191936K
  class space    used 19721K, capacity 21717K, committed 21760K, reserved 1048576K

